[debug] [2025-05-25T18:35:59.601Z] ----------------------------------------------------------------------
[debug] [2025-05-25T18:35:59.604Z] Command:       C:\nvm4w\nodejs\node.exe C:\Users\unnya\AppData\Roaming\npm\node_modules\firebase-tools\lib\bin\firebase.js deploy --only functions
[debug] [2025-05-25T18:35:59.605Z] CLI Version:   14.4.0
[debug] [2025-05-25T18:35:59.605Z] Platform:      win32
[debug] [2025-05-25T18:35:59.605Z] Node Version:  v22.14.0
[debug] [2025-05-25T18:35:59.606Z] Time:          Mon May 26 2025 00:05:59 GMT+0530 (India Standard Time)
[debug] [2025-05-25T18:35:59.606Z] ----------------------------------------------------------------------
[debug] 
[debug] [2025-05-25T18:35:59.845Z] > command requires scopes: ["email","openid","https://www.googleapis.com/auth/cloudplatformprojects.readonly","https://www.googleapis.com/auth/firebase","https://www.googleapis.com/auth/cloud-platform"]
[debug] [2025-05-25T18:35:59.846Z] > authorizing via signed-in user (cryptofdbusiness@gmail.com)
[debug] [2025-05-25T18:35:59.846Z] [iam] checking project beats-garage for permissions ["cloudfunctions.functions.create","cloudfunctions.functions.delete","cloudfunctions.functions.get","cloudfunctions.functions.list","cloudfunctions.functions.update","cloudfunctions.operations.get","firebase.projects.get"]
[debug] [2025-05-25T18:35:59.847Z] Checked if tokens are valid: true, expires at: 1748200695932
[debug] [2025-05-25T18:35:59.847Z] Checked if tokens are valid: true, expires at: 1748200695932
[debug] [2025-05-25T18:35:59.848Z] >>> [apiv2][query] POST https://cloudresourcemanager.googleapis.com/v1/projects/beats-garage:testIamPermissions [none]
[debug] [2025-05-25T18:35:59.848Z] >>> [apiv2][(partial)header] POST https://cloudresourcemanager.googleapis.com/v1/projects/beats-garage:testIamPermissions x-goog-quota-user=projects/beats-garage
[debug] [2025-05-25T18:35:59.848Z] >>> [apiv2][body] POST https://cloudresourcemanager.googleapis.com/v1/projects/beats-garage:testIamPermissions {"permissions":["cloudfunctions.functions.create","cloudfunctions.functions.delete","cloudfunctions.functions.get","cloudfunctions.functions.list","cloudfunctions.functions.update","cloudfunctions.operations.get","firebase.projects.get"]}
[debug] [2025-05-25T18:36:02.019Z] <<< [apiv2][status] POST https://cloudresourcemanager.googleapis.com/v1/projects/beats-garage:testIamPermissions 200
[debug] [2025-05-25T18:36:02.020Z] <<< [apiv2][body] POST https://cloudresourcemanager.googleapis.com/v1/projects/beats-garage:testIamPermissions {"permissions":["cloudfunctions.functions.create","cloudfunctions.functions.delete","cloudfunctions.functions.get","cloudfunctions.functions.list","cloudfunctions.functions.update","cloudfunctions.operations.get","firebase.projects.get"]}
[debug] [2025-05-25T18:36:02.020Z] Checked if tokens are valid: true, expires at: 1748200695932
[debug] [2025-05-25T18:36:02.020Z] Checked if tokens are valid: true, expires at: 1748200695932
[debug] [2025-05-25T18:36:02.020Z] >>> [apiv2][query] POST https://iam.googleapis.com/v1/projects/beats-garage/serviceAccounts/beats-garage@appspot.gserviceaccount.com:testIamPermissions [none]
[debug] [2025-05-25T18:36:02.020Z] >>> [apiv2][body] POST https://iam.googleapis.com/v1/projects/beats-garage/serviceAccounts/beats-garage@appspot.gserviceaccount.com:testIamPermissions {"permissions":["iam.serviceAccounts.actAs"]}
